[SELF-DISCIPLINE]2021/07/10 - 14:41:04.265	[34minfo[0m	redis connect ping response:	{"pong": "PONG"}
[SELF-DISCIPLINE]2021/07/10 - 14:41:04.272	[34minfo[0m	use middleware logger
[SELF-DISCIPLINE]2021/07/10 - 14:41:04.274	[34minfo[0m	use middleware cors
[SELF-DISCIPLINE]2021/07/10 - 14:41:04.274	[34minfo[0m	register swagger handler
[SELF-DISCIPLINE]2021/07/10 - 14:41:04.275	[34minfo[0m	router register success
[SELF-DISCIPLINE]2021/07/10 - 14:41:04.291	[34minfo[0m	server run success on 	{"address": ":8800"}
[SELF-DISCIPLINE]2021/07/10 - 14:41:12.077	[34minfo[0m	gorm	{"src": "D:/goProject/src/self-discipline/service/user/service_login.go:12", "duration": 3.4071, "rows": 1, "sql": "SELECT * FROM `users` WHERE (phone = '18124106041' AND password = 'e10adc3949ba59abbe56e057f20f883e') AND `users`.`deleted_at` IS NULL ORDER BY `users`.`id` LIMIT 1"}
[SELF-DISCIPLINE]2021/07/10 - 14:49:02.745	[34minfo[0m	redis connect ping response:	{"pong": "PONG"}
[SELF-DISCIPLINE]2021/07/10 - 14:49:02.753	[34minfo[0m	use middleware logger
[SELF-DISCIPLINE]2021/07/10 - 14:49:02.753	[34minfo[0m	use middleware cors
[SELF-DISCIPLINE]2021/07/10 - 14:49:02.754	[34minfo[0m	register swagger handler
[SELF-DISCIPLINE]2021/07/10 - 14:49:02.754	[34minfo[0m	router register success
[SELF-DISCIPLINE]2021/07/10 - 14:49:02.761	[34minfo[0m	server run success on 	{"address": ":8800"}
[SELF-DISCIPLINE]2021/07/10 - 14:49:06.893	[34minfo[0m	gorm	{"src": "D:/goProject/src/self-discipline/service/user/service_login.go:12", "duration": 3.2973, "rows": 1, "sql": "SELECT * FROM `users` WHERE (phone = '18124106041' AND password = 'e10adc3949ba59abbe56e057f20f883e') AND `users`.`deleted_at` IS NULL ORDER BY `users`.`id` LIMIT 1"}
[SELF-DISCIPLINE]2021/07/10 - 14:53:30.534	[34minfo[0m	redis connect ping response:	{"pong": "PONG"}
[SELF-DISCIPLINE]2021/07/10 - 14:53:30.540	[34minfo[0m	use middleware logger
[SELF-DISCIPLINE]2021/07/10 - 14:53:30.541	[34minfo[0m	use middleware cors
[SELF-DISCIPLINE]2021/07/10 - 14:53:30.542	[34minfo[0m	register swagger handler
[SELF-DISCIPLINE]2021/07/10 - 14:53:30.548	[34minfo[0m	router register success
[SELF-DISCIPLINE]2021/07/10 - 14:53:30.560	[34minfo[0m	server run success on 	{"address": ":8800"}
[SELF-DISCIPLINE]2021/07/10 - 14:53:33.511	[34minfo[0m	gorm	{"src": "D:/goProject/src/self-discipline/service/user/service_login.go:12", "duration": 3.9388, "rows": 1, "sql": "SELECT * FROM `users` WHERE (phone = '18124106041' AND password = 'e10adc3949ba59abbe56e057f20f883e') AND `users`.`deleted_at` IS NULL ORDER BY `users`.`id` LIMIT 1"}
[SELF-DISCIPLINE]2021/07/10 - 14:53:33.513	[31merror[0m	设置登录状态失败!	{"err": "redis: can't marshal global.MODEL (implement encoding.BinaryMarshaler)"}
[SELF-DISCIPLINE]2021/07/10 - 14:53:35.103	[34minfo[0m	gorm	{"src": "D:/goProject/src/self-discipline/service/user/service_login.go:12", "duration": 3.0359, "rows": 1, "sql": "SELECT * FROM `users` WHERE (phone = '18124106041' AND password = 'e10adc3949ba59abbe56e057f20f883e') AND `users`.`deleted_at` IS NULL ORDER BY `users`.`id` LIMIT 1"}
[SELF-DISCIPLINE]2021/07/10 - 14:53:35.109	[31merror[0m	设置登录状态失败!	{"err": "redis: can't marshal global.MODEL (implement encoding.BinaryMarshaler)"}
[SELF-DISCIPLINE]2021/07/10 - 14:56:12.770	[34minfo[0m	redis connect ping response:	{"pong": "PONG"}
[SELF-DISCIPLINE]2021/07/10 - 14:56:12.776	[34minfo[0m	use middleware logger
[SELF-DISCIPLINE]2021/07/10 - 14:56:12.776	[34minfo[0m	use middleware cors
[SELF-DISCIPLINE]2021/07/10 - 14:56:12.778	[34minfo[0m	register swagger handler
[SELF-DISCIPLINE]2021/07/10 - 14:56:12.779	[34minfo[0m	router register success
[SELF-DISCIPLINE]2021/07/10 - 14:56:12.787	[34minfo[0m	server run success on 	{"address": ":8800"}
[SELF-DISCIPLINE]2021/07/10 - 14:56:18.932	[34minfo[0m	gorm	{"src": "D:/goProject/src/self-discipline/service/user/service_login.go:12", "duration": 2.8373, "rows": 1, "sql": "SELECT * FROM `users` WHERE (phone = '18124106041' AND password = 'e10adc3949ba59abbe56e057f20f883e') AND `users`.`deleted_at` IS NULL ORDER BY `users`.`id` LIMIT 1"}
[SELF-DISCIPLINE]2021/07/10 - 14:56:18.934	[31merror[0m	设置登录状态失败!	{"err": "redis: can't marshal global.MODEL (implement encoding.BinaryMarshaler)"}
