[SELF-DISCIPLINE]2021/07/16 - 10:40:25.772	[31mfatal[0m	redis connect ping failed, err:	{"err": "dial tcp 127.0.0.1:6379: connectex: No connection could be made because the target machine actively refused it."}
[SELF-DISCIPLINE]2021/07/16 - 10:41:13.374	[34minfo[0m	redis connect ping response:	{"pong": "PONG"}
[SELF-DISCIPLINE]2021/07/16 - 10:41:13.397	[34minfo[0m	use middleware logger
[SELF-DISCIPLINE]2021/07/16 - 10:41:13.398	[34minfo[0m	use middleware cors
[SELF-DISCIPLINE]2021/07/16 - 10:41:13.400	[34minfo[0m	register swagger handler
[SELF-DISCIPLINE]2021/07/16 - 10:41:13.401	[34minfo[0m	router register success
[SELF-DISCIPLINE]2021/07/16 - 10:41:13.407	[34minfo[0m	server run success on 	{"address": ":8800"}
[SELF-DISCIPLINE]2021/07/16 - 10:51:08.099	[34minfo[0m	redis connect ping response:	{"pong": "PONG"}
[SELF-DISCIPLINE]2021/07/16 - 10:51:08.109	[34minfo[0m	use middleware logger
[SELF-DISCIPLINE]2021/07/16 - 10:51:08.110	[34minfo[0m	use middleware cors
[SELF-DISCIPLINE]2021/07/16 - 10:51:08.112	[34minfo[0m	register swagger handler
[SELF-DISCIPLINE]2021/07/16 - 10:51:08.114	[34minfo[0m	router register success
[SELF-DISCIPLINE]2021/07/16 - 10:51:08.131	[34minfo[0m	server run success on 	{"address": ":8800"}
[SELF-DISCIPLINE]2021/07/16 - 10:51:31.791	[34minfo[0m	redis connect ping response:	{"pong": "PONG"}
[SELF-DISCIPLINE]2021/07/16 - 10:51:31.803	[34minfo[0m	use middleware logger
[SELF-DISCIPLINE]2021/07/16 - 10:51:31.803	[34minfo[0m	use middleware cors
[SELF-DISCIPLINE]2021/07/16 - 10:51:31.805	[34minfo[0m	register swagger handler
[SELF-DISCIPLINE]2021/07/16 - 10:51:31.807	[34minfo[0m	router register success
[SELF-DISCIPLINE]2021/07/16 - 10:51:31.815	[34minfo[0m	server run success on 	{"address": ":8800"}
[SELF-DISCIPLINE]2021/07/16 - 10:52:15.080	[34minfo[0m	gorm	{"src": "D:/goProject/src/self-discipline/service/user/service_register.go:16", "duration": 116.5917, "rows": 1, "sql": "SELECT `phone` FROM `users` WHERE phone = '18124106041' AND `users`.`deleted_at` IS NULL ORDER BY `users`.`id` LIMIT 1"}
[SELF-DISCIPLINE]2021/07/16 - 10:52:15.082	[31merror[0m	注册失败!	{"err": "用户名已注册"}
[SELF-DISCIPLINE]2021/07/16 - 10:58:28.328	[34minfo[0m	redis connect ping response:	{"pong": "PONG"}
[SELF-DISCIPLINE]2021/07/16 - 10:58:28.338	[34minfo[0m	use middleware logger
[SELF-DISCIPLINE]2021/07/16 - 10:58:28.339	[34minfo[0m	use middleware cors
[SELF-DISCIPLINE]2021/07/16 - 10:58:28.340	[34minfo[0m	register swagger handler
[SELF-DISCIPLINE]2021/07/16 - 10:58:28.342	[34minfo[0m	router register success
[SELF-DISCIPLINE]2021/07/16 - 10:58:28.347	[34minfo[0m	server run success on 	{"address": ":8800"}
[SELF-DISCIPLINE]2021/07/16 - 10:59:41.953	[34minfo[0m	gorm	{"src": "D:/goProject/src/self-discipline/service/user/service_register.go:16", "duration": 4.6232, "rows": 1, "sql": "SELECT `phone` FROM `users` WHERE phone = '18124106041' AND `users`.`deleted_at` IS NULL ORDER BY `users`.`id` LIMIT 1"}
[SELF-DISCIPLINE]2021/07/16 - 10:59:41.954	[31merror[0m	注册失败!	{"err": "用户名已注册"}
[SELF-DISCIPLINE]2021/07/16 - 11:04:27.930	[34minfo[0m	redis connect ping response:	{"pong": "PONG"}
[SELF-DISCIPLINE]2021/07/16 - 11:04:27.939	[34minfo[0m	use middleware logger
[SELF-DISCIPLINE]2021/07/16 - 11:04:27.940	[34minfo[0m	use middleware cors
[SELF-DISCIPLINE]2021/07/16 - 11:04:27.942	[34minfo[0m	register swagger handler
[SELF-DISCIPLINE]2021/07/16 - 11:04:27.943	[34minfo[0m	router register success
[SELF-DISCIPLINE]2021/07/16 - 11:04:27.950	[34minfo[0m	server run success on 	{"address": ":8800"}
[SELF-DISCIPLINE]2021/07/16 - 11:04:31.096	[34minfo[0m	gorm	{"src": "D:/goProject/src/self-discipline/service/user/service_register.go:16", "duration": 7.6158, "rows": 1, "sql": "SELECT `phone` FROM `users` WHERE phone = '18124106041' AND `users`.`deleted_at` IS NULL ORDER BY `users`.`id` LIMIT 1"}
[SELF-DISCIPLINE]2021/07/16 - 11:04:31.097	[31merror[0m	注册失败!	{"err": "用户名已注册"}
[SELF-DISCIPLINE]2021/07/16 - 11:05:36.186	[34minfo[0m	redis connect ping response:	{"pong": "PONG"}
[SELF-DISCIPLINE]2021/07/16 - 11:05:36.197	[34minfo[0m	use middleware logger
[SELF-DISCIPLINE]2021/07/16 - 11:05:36.198	[34minfo[0m	use middleware cors
[SELF-DISCIPLINE]2021/07/16 - 11:05:36.200	[34minfo[0m	register swagger handler
[SELF-DISCIPLINE]2021/07/16 - 11:05:36.201	[34minfo[0m	router register success
[SELF-DISCIPLINE]2021/07/16 - 11:05:36.210	[34minfo[0m	server run success on 	{"address": ":8800"}
[SELF-DISCIPLINE]2021/07/16 - 11:05:40.342	[34minfo[0m	gorm	{"src": "D:/goProject/src/self-discipline/service/user/service_register.go:16", "duration": 3.5301, "rows": 1, "sql": "SELECT `phone` FROM `users` WHERE phone = '18124106041' AND `users`.`deleted_at` IS NULL ORDER BY `users`.`id` LIMIT 1"}
[SELF-DISCIPLINE]2021/07/16 - 11:05:40.343	[31merror[0m	注册失败!	{"err": "用户名已注册"}
[SELF-DISCIPLINE]2021/07/16 - 11:07:23.562	[34minfo[0m	gorm	{"src": "D:/goProject/src/self-discipline/service/user/service_login.go:12", "duration": 5.2428, "rows": 1, "sql": "SELECT * FROM `users` WHERE (phone = '17088889999' AND password = 'e10adc3949ba59abbe56e057f20f883e') AND `users`.`deleted_at` IS NULL ORDER BY `users`.`id` LIMIT 1"}
[SELF-DISCIPLINE]2021/07/16 - 11:07:31.191	[34minfo[0m	gorm	{"src": "D:/goProject/src/self-discipline/service/user/service_login.go:12", "duration": 4.696, "rows": 1, "sql": "SELECT * FROM `users` WHERE (phone = '18124106041' AND password = 'e10adc3949ba59abbe56e057f20f883e') AND `users`.`deleted_at` IS NULL ORDER BY `users`.`id` LIMIT 1"}
